[32mINFO[0m 2025-11-12 17:44:35,886 autoreload 64008 80032 Watching for file changes with StatReloader
[31mERROR[0m 2025-11-12 17:44:42,023 log 64008 51776 Internal Server Error: /
Traceback (most recent call last):
  File "C:\Users\olga\AppData\Local\Programs\Python\Python313\Lib\site-packages\django\core\handlers\exception.py", line 55, in inner
    response = get_response(request)
  File "C:\Users\olga\AppData\Local\Programs\Python\Python313\Lib\site-packages\django\core\handlers\base.py", line 220, in _get_response
    response = response.render()
  File "C:\Users\olga\AppData\Local\Programs\Python\Python313\Lib\site-packages\django\template\response.py", line 114, in render
    self.content = self.rendered_content
                   ^^^^^^^^^^^^^^^^^^^^^
  File "C:\Users\olga\AppData\Local\Programs\Python\Python313\Lib\site-packages\django\template\response.py", line 90, in rendered_content
    template = self.resolve_template(self.template_name)
  File "C:\Users\olga\AppData\Local\Programs\Python\Python313\Lib\site-packages\django\template\response.py", line 72, in resolve_template
    return select_template(template, using=self.using)
  File "C:\Users\olga\AppData\Local\Programs\Python\Python313\Lib\site-packages\django\template\loader.py", line 47, in select_template
    raise TemplateDoesNotExist(", ".join(template_name_list), chain=chain)
django.template.exceptions.TemplateDoesNotExist: blog/article_list.html, blog/article_list.html
[31mERROR[0m 2025-11-12 17:44:42,026 basehttp 64008 51776 "GET / HTTP/1.1" 500 90805
[32mINFO[0m 2025-11-12 21:56:00,081 autoreload 20968 91236 Watching for file changes with StatReloader
[31mERROR[0m 2025-11-12 21:56:03,324 log 20968 96304 Internal Server Error: /
Traceback (most recent call last):
  File "C:\Users\olga\AppData\Local\Programs\Python\Python313\Lib\site-packages\django\template\backends\django.py", line 107, in render
    return self.template.render(context)
           ~~~~~~~~~~~~~~~~~~~~^^^^^^^^^
  File "C:\Users\olga\AppData\Local\Programs\Python\Python313\Lib\site-packages\django\template\base.py", line 171, in render
    return self._render(context)
           ~~~~~~~~~~~~^^^^^^^^^
  File "C:\Users\olga\AppData\Local\Programs\Python\Python313\Lib\site-packages\django\template\base.py", line 163, in _render
    return self.nodelist.render(context)
           ~~~~~~~~~~~~~~~~~~~~^^^^^^^^^
  File "C:\Users\olga\AppData\Local\Programs\Python\Python313\Lib\site-packages\django\template\base.py", line 1016, in render
    return SafeString("".join([node.render_annotated(context) for node in self]))
                               ~~~~~~~~~~~~~~~~~~~~~^^^^^^^^^
  File "C:\Users\olga\AppData\Local\Programs\Python\Python313\Lib\site-packages\django\template\base.py", line 977, in render_annotated
    return self.render(context)
           ~~~~~~~~~~~^^^^^^^^^
  File "C:\Users\olga\AppData\Local\Programs\Python\Python313\Lib\site-packages\django\template\loader_tags.py", line 134, in render
    compiled_parent = self.get_parent(context)
  File "C:\Users\olga\AppData\Local\Programs\Python\Python313\Lib\site-packages\django\template\loader_tags.py", line 131, in get_parent
    return self.find_template(parent, context)
           ~~~~~~~~~~~~~~~~~~^^^^^^^^^^^^^^^^^
  File "C:\Users\olga\AppData\Local\Programs\Python\Python313\Lib\site-packages\django\template\loader_tags.py", line 109, in find_template
    template, origin = context.template.engine.find_template(
                       ~~~~~~~~~~~~~~~~~~~~~~~~~~~~~~~~~~~~~^
        template_name,
        ^^^^^^^^^^^^^^
        skip=history,
        ^^^^^^^^^^^^^
    )
    ^
  File "C:\Users\olga\AppData\Local\Programs\Python\Python313\Lib\site-packages\django\template\engine.py", line 163, in find_template
    raise TemplateDoesNotExist(name, tried=tried)
django.template.exceptions.TemplateDoesNotExist: base.html

The above exception was the direct cause of the following exception:

Traceback (most recent call last):
  File "C:\Users\olga\AppData\Local\Programs\Python\Python313\Lib\site-packages\django\core\handlers\exception.py", line 55, in inner
    response = get_response(request)
  File "C:\Users\olga\AppData\Local\Programs\Python\Python313\Lib\site-packages\django\core\handlers\base.py", line 220, in _get_response
    response = response.render()
  File "C:\Users\olga\AppData\Local\Programs\Python\Python313\Lib\site-packages\django\template\response.py", line 114, in render
    self.content = self.rendered_content
                   ^^^^^^^^^^^^^^^^^^^^^
  File "C:\Users\olga\AppData\Local\Programs\Python\Python313\Lib\site-packages\django\template\response.py", line 92, in rendered_content
    return template.render(context, self._request)
           ~~~~~~~~~~~~~~~^^^^^^^^^^^^^^^^^^^^^^^^
  File "C:\Users\olga\AppData\Local\Programs\Python\Python313\Lib\site-packages\django\template\backends\django.py", line 109, in render
    reraise(exc, self.backend)
    ~~~~~~~^^^^^^^^^^^^^^^^^^^
  File "C:\Users\olga\AppData\Local\Programs\Python\Python313\Lib\site-packages\django\template\backends\django.py", line 130, in reraise
    raise new from exc
django.template.exceptions.TemplateDoesNotExist: base.html
[31mERROR[0m 2025-11-12 21:56:03,329 basehttp 20968 96304 "GET / HTTP/1.1" 500 134366
[33mWARNING[0m 2025-11-12 21:56:03,606 log 20968 96304 Not Found: /favicon.ico
[33mWARNING[0m 2025-11-12 21:56:03,607 basehttp 20968 96304 "GET /favicon.ico HTTP/1.1" 404 5099
[31mERROR[0m 2025-11-12 21:56:05,586 log 20968 96304 Internal Server Error: /
Traceback (most recent call last):
  File "C:\Users\olga\AppData\Local\Programs\Python\Python313\Lib\site-packages\django\template\backends\django.py", line 107, in render
    return self.template.render(context)
           ~~~~~~~~~~~~~~~~~~~~^^^^^^^^^
  File "C:\Users\olga\AppData\Local\Programs\Python\Python313\Lib\site-packages\django\template\base.py", line 171, in render
    return self._render(context)
           ~~~~~~~~~~~~^^^^^^^^^
  File "C:\Users\olga\AppData\Local\Programs\Python\Python313\Lib\site-packages\django\template\base.py", line 163, in _render
    return self.nodelist.render(context)
           ~~~~~~~~~~~~~~~~~~~~^^^^^^^^^
  File "C:\Users\olga\AppData\Local\Programs\Python\Python313\Lib\site-packages\django\template\base.py", line 1016, in render
    return SafeString("".join([node.render_annotated(context) for node in self]))
                               ~~~~~~~~~~~~~~~~~~~~~^^^^^^^^^
  File "C:\Users\olga\AppData\Local\Programs\Python\Python313\Lib\site-packages\django\template\base.py", line 977, in render_annotated
    return self.render(context)
           ~~~~~~~~~~~^^^^^^^^^
  File "C:\Users\olga\AppData\Local\Programs\Python\Python313\Lib\site-packages\django\template\loader_tags.py", line 134, in render
    compiled_parent = self.get_parent(context)
  File "C:\Users\olga\AppData\Local\Programs\Python\Python313\Lib\site-packages\django\template\loader_tags.py", line 131, in get_parent
    return self.find_template(parent, context)
           ~~~~~~~~~~~~~~~~~~^^^^^^^^^^^^^^^^^
  File "C:\Users\olga\AppData\Local\Programs\Python\Python313\Lib\site-packages\django\template\loader_tags.py", line 109, in find_template
    template, origin = context.template.engine.find_template(
                       ~~~~~~~~~~~~~~~~~~~~~~~~~~~~~~~~~~~~~^
        template_name,
        ^^^^^^^^^^^^^^
        skip=history,
        ^^^^^^^^^^^^^
    )
    ^
  File "C:\Users\olga\AppData\Local\Programs\Python\Python313\Lib\site-packages\django\template\engine.py", line 163, in find_template
    raise TemplateDoesNotExist(name, tried=tried)
django.template.exceptions.TemplateDoesNotExist: base.html

The above exception was the direct cause of the following exception:

Traceback (most recent call last):
  File "C:\Users\olga\AppData\Local\Programs\Python\Python313\Lib\site-packages\django\core\handlers\exception.py", line 55, in inner
    response = get_response(request)
  File "C:\Users\olga\AppData\Local\Programs\Python\Python313\Lib\site-packages\django\core\handlers\base.py", line 220, in _get_response
    response = response.render()
  File "C:\Users\olga\AppData\Local\Programs\Python\Python313\Lib\site-packages\django\template\response.py", line 114, in render
    self.content = self.rendered_content
                   ^^^^^^^^^^^^^^^^^^^^^
  File "C:\Users\olga\AppData\Local\Programs\Python\Python313\Lib\site-packages\django\template\response.py", line 92, in rendered_content
    return template.render(context, self._request)
           ~~~~~~~~~~~~~~~^^^^^^^^^^^^^^^^^^^^^^^^
  File "C:\Users\olga\AppData\Local\Programs\Python\Python313\Lib\site-packages\django\template\backends\django.py", line 109, in render
    reraise(exc, self.backend)
    ~~~~~~~^^^^^^^^^^^^^^^^^^^
  File "C:\Users\olga\AppData\Local\Programs\Python\Python313\Lib\site-packages\django\template\backends\django.py", line 130, in reraise
    raise new from exc
django.template.exceptions.TemplateDoesNotExist: base.html
[31mERROR[0m 2025-11-12 21:56:05,589 basehttp 20968 96304 "GET / HTTP/1.1" 500 134503
[32mINFO[0m 2025-11-12 22:13:31,267 autoreload 20968 91236 C:\WorkspacePython\project_python\w_extra\les23\project\blog\forms.py changed, reloading.
[32mINFO[0m 2025-11-12 22:13:32,092 autoreload 93392 48820 Watching for file changes with StatReloader
[32mINFO[0m 2025-11-12 22:14:42,320 autoreload 87144 54972 Watching for file changes with StatReloader
[31mERROR[0m 2025-11-12 22:14:47,981 log 87144 95604 Internal Server Error: /
Traceback (most recent call last):
  File "C:\Users\olga\AppData\Local\Programs\Python\Python313\Lib\site-packages\django\template\backends\django.py", line 107, in render
    return self.template.render(context)
           ~~~~~~~~~~~~~~~~~~~~^^^^^^^^^
  File "C:\Users\olga\AppData\Local\Programs\Python\Python313\Lib\site-packages\django\template\base.py", line 171, in render
    return self._render(context)
           ~~~~~~~~~~~~^^^^^^^^^
  File "C:\Users\olga\AppData\Local\Programs\Python\Python313\Lib\site-packages\django\template\base.py", line 163, in _render
    return self.nodelist.render(context)
           ~~~~~~~~~~~~~~~~~~~~^^^^^^^^^
  File "C:\Users\olga\AppData\Local\Programs\Python\Python313\Lib\site-packages\django\template\base.py", line 1016, in render
    return SafeString("".join([node.render_annotated(context) for node in self]))
                               ~~~~~~~~~~~~~~~~~~~~~^^^^^^^^^
  File "C:\Users\olga\AppData\Local\Programs\Python\Python313\Lib\site-packages\django\template\base.py", line 977, in render_annotated
    return self.render(context)
           ~~~~~~~~~~~^^^^^^^^^
  File "C:\Users\olga\AppData\Local\Programs\Python\Python313\Lib\site-packages\django\template\loader_tags.py", line 134, in render
    compiled_parent = self.get_parent(context)
  File "C:\Users\olga\AppData\Local\Programs\Python\Python313\Lib\site-packages\django\template\loader_tags.py", line 131, in get_parent
    return self.find_template(parent, context)
           ~~~~~~~~~~~~~~~~~~^^^^^^^^^^^^^^^^^
  File "C:\Users\olga\AppData\Local\Programs\Python\Python313\Lib\site-packages\django\template\loader_tags.py", line 109, in find_template
    template, origin = context.template.engine.find_template(
                       ~~~~~~~~~~~~~~~~~~~~~~~~~~~~~~~~~~~~~^
        template_name,
        ^^^^^^^^^^^^^^
        skip=history,
        ^^^^^^^^^^^^^
    )
    ^
  File "C:\Users\olga\AppData\Local\Programs\Python\Python313\Lib\site-packages\django\template\engine.py", line 163, in find_template
    raise TemplateDoesNotExist(name, tried=tried)
django.template.exceptions.TemplateDoesNotExist: base.html

The above exception was the direct cause of the following exception:

Traceback (most recent call last):
  File "C:\Users\olga\AppData\Local\Programs\Python\Python313\Lib\site-packages\django\core\handlers\exception.py", line 55, in inner
    response = get_response(request)
  File "C:\Users\olga\AppData\Local\Programs\Python\Python313\Lib\site-packages\django\core\handlers\base.py", line 220, in _get_response
    response = response.render()
  File "C:\Users\olga\AppData\Local\Programs\Python\Python313\Lib\site-packages\django\template\response.py", line 114, in render
    self.content = self.rendered_content
                   ^^^^^^^^^^^^^^^^^^^^^
  File "C:\Users\olga\AppData\Local\Programs\Python\Python313\Lib\site-packages\django\template\response.py", line 92, in rendered_content
    return template.render(context, self._request)
           ~~~~~~~~~~~~~~~^^^^^^^^^^^^^^^^^^^^^^^^
  File "C:\Users\olga\AppData\Local\Programs\Python\Python313\Lib\site-packages\django\template\backends\django.py", line 109, in render
    reraise(exc, self.backend)
    ~~~~~~~^^^^^^^^^^^^^^^^^^^
  File "C:\Users\olga\AppData\Local\Programs\Python\Python313\Lib\site-packages\django\template\backends\django.py", line 130, in reraise
    raise new from exc
django.template.exceptions.TemplateDoesNotExist: base.html
[31mERROR[0m 2025-11-12 22:14:47,988 basehttp 87144 95604 "GET / HTTP/1.1" 500 135488
[32mINFO[0m 2025-11-12 22:16:58,099 autoreload 87144 54972 C:\WorkspacePython\project_python\w_extra\les23\project\blog\apps.py changed, reloading.
[32mINFO[0m 2025-11-12 22:16:59,390 autoreload 72740 66424 Watching for file changes with StatReloader
[32mINFO[0m 2025-11-12 22:17:17,330 autoreload 72740 66424 C:\WorkspacePython\project_python\w_extra\les23\project\blog\__init__.py changed, reloading.
[32mINFO[0m 2025-11-12 22:17:18,093 autoreload 52692 49400 Watching for file changes with StatReloader
[31mERROR[0m 2025-11-12 22:19:20,125 log 52692 28704 Internal Server Error: /
Traceback (most recent call last):
  File "C:\Users\olga\AppData\Local\Programs\Python\Python313\Lib\site-packages\django\template\backends\django.py", line 107, in render
    return self.template.render(context)
           ~~~~~~~~~~~~~~~~~~~~^^^^^^^^^
  File "C:\Users\olga\AppData\Local\Programs\Python\Python313\Lib\site-packages\django\template\base.py", line 171, in render
    return self._render(context)
           ~~~~~~~~~~~~^^^^^^^^^
  File "C:\Users\olga\AppData\Local\Programs\Python\Python313\Lib\site-packages\django\template\base.py", line 163, in _render
    return self.nodelist.render(context)
           ~~~~~~~~~~~~~~~~~~~~^^^^^^^^^
  File "C:\Users\olga\AppData\Local\Programs\Python\Python313\Lib\site-packages\django\template\base.py", line 1016, in render
    return SafeString("".join([node.render_annotated(context) for node in self]))
                               ~~~~~~~~~~~~~~~~~~~~~^^^^^^^^^
  File "C:\Users\olga\AppData\Local\Programs\Python\Python313\Lib\site-packages\django\template\base.py", line 977, in render_annotated
    return self.render(context)
           ~~~~~~~~~~~^^^^^^^^^
  File "C:\Users\olga\AppData\Local\Programs\Python\Python313\Lib\site-packages\django\template\loader_tags.py", line 134, in render
    compiled_parent = self.get_parent(context)
  File "C:\Users\olga\AppData\Local\Programs\Python\Python313\Lib\site-packages\django\template\loader_tags.py", line 131, in get_parent
    return self.find_template(parent, context)
           ~~~~~~~~~~~~~~~~~~^^^^^^^^^^^^^^^^^
  File "C:\Users\olga\AppData\Local\Programs\Python\Python313\Lib\site-packages\django\template\loader_tags.py", line 109, in find_template
    template, origin = context.template.engine.find_template(
                       ~~~~~~~~~~~~~~~~~~~~~~~~~~~~~~~~~~~~~^
        template_name,
        ^^^^^^^^^^^^^^
        skip=history,
        ^^^^^^^^^^^^^
    )
    ^
  File "C:\Users\olga\AppData\Local\Programs\Python\Python313\Lib\site-packages\django\template\engine.py", line 163, in find_template
    raise TemplateDoesNotExist(name, tried=tried)
django.template.exceptions.TemplateDoesNotExist: base.html

The above exception was the direct cause of the following exception:

Traceback (most recent call last):
  File "C:\Users\olga\AppData\Local\Programs\Python\Python313\Lib\site-packages\django\core\handlers\exception.py", line 55, in inner
    response = get_response(request)
  File "C:\Users\olga\AppData\Local\Programs\Python\Python313\Lib\site-packages\django\core\handlers\base.py", line 220, in _get_response
    response = response.render()
  File "C:\Users\olga\AppData\Local\Programs\Python\Python313\Lib\site-packages\django\template\response.py", line 114, in render
    self.content = self.rendered_content
                   ^^^^^^^^^^^^^^^^^^^^^
  File "C:\Users\olga\AppData\Local\Programs\Python\Python313\Lib\site-packages\django\template\response.py", line 92, in rendered_content
    return template.render(context, self._request)
           ~~~~~~~~~~~~~~~^^^^^^^^^^^^^^^^^^^^^^^^
  File "C:\Users\olga\AppData\Local\Programs\Python\Python313\Lib\site-packages\django\template\backends\django.py", line 109, in render
    reraise(exc, self.backend)
    ~~~~~~~^^^^^^^^^^^^^^^^^^^
  File "C:\Users\olga\AppData\Local\Programs\Python\Python313\Lib\site-packages\django\template\backends\django.py", line 130, in reraise
    raise new from exc
django.template.exceptions.TemplateDoesNotExist: base.html
[31mERROR[0m 2025-11-12 22:19:20,129 basehttp 52692 28704 "GET / HTTP/1.1" 500 135625
[32mINFO[0m 2025-11-12 22:21:18,347 autoreload 52692 49400 C:\WorkspacePython\project_python\w_extra\les23\project\blog\forms.py changed, reloading.
[32mINFO[0m 2025-11-12 22:21:19,192 autoreload 96436 98684 Watching for file changes with StatReloader
[32mINFO[0m 2025-11-12 22:22:26,304 autoreload 96436 98684 C:\WorkspacePython\project_python\w_extra\les23\project\project\settings.py changed, reloading.
[32mINFO[0m 2025-11-12 22:22:27,655 autoreload 87336 67252 Watching for file changes with StatReloader
[32mINFO[0m 2025-11-12 22:22:32,356 autoreload 87336 67252 C:\WorkspacePython\project_python\w_extra\les23\project\project\settings.py changed, reloading.
[32mINFO[0m 2025-11-12 22:22:33,326 autoreload 22220 56280 Watching for file changes with StatReloader
[32mINFO[0m 2025-11-12 22:22:57,082 autoreload 55144 28896 Watching for file changes with StatReloader
[32mINFO[0m 2025-11-12 22:23:12,412 basehttp 55144 23012 "GET / HTTP/1.1" 200 6734
[32mINFO[0m 2025-11-12 22:23:21,231 basehttp 55144 23012 "GET / HTTP/1.1" 200 6734
[32mINFO[0m 2025-11-12 22:23:24,016 basehttp 55144 23012 "GET / HTTP/1.1" 200 6734
[32mINFO[0m 2025-11-12 22:23:24,568 basehttp 55144 23012 "GET /search/ HTTP/1.1" 200 3430
[32mINFO[0m 2025-11-12 22:23:27,040 basehttp 55144 23012 "GET / HTTP/1.1" 200 6734
[32mINFO[0m 2025-11-12 22:23:31,819 basehttp 55144 23012 "GET /search/?q=lombok HTTP/1.1" 200 3448
[32mINFO[0m 2025-11-12 22:23:33,609 basehttp 55144 23012 "GET / HTTP/1.1" 200 6734
[32mINFO[0m 2025-11-12 22:23:34,123 basehttp 55144 23012 "GET / HTTP/1.1" 200 6734
[32mINFO[0m 2025-11-12 22:23:35,391 basehttp 55144 23012 "GET /admin/login/ HTTP/1.1" 200 4177
[32mINFO[0m 2025-11-12 22:25:07,277 autoreload 47220 90400 Watching for file changes with StatReloader
